{
  "uid" : "9a4864ac77b47a7b",
  "name" : "用户注册",
  "fullName" : "WebUiTestCases.test_register.TestZc#testcase1",
  "historyId" : "61f3a3abc27e4c7daaacf87883151a9b",
  "time" : {
    "start" : 1622791335187,
    "stop" : 1622791364983,
    "duration" : 29796
  },
  "status" : "broken",
  "statusMessage" : "selenium.common.exceptions.TimeoutException: Message:",
  "statusTrace" : "self = <WebUiTestCases.test_register.TestZc object at 0x0874C4D0>\nbrowser = <selenium.webdriver.chrome.webdriver.WebDriver (session=\"30a6d78ae9e0c1ab9ae60dfc6e4ac74c\")>\nuser = 'mik_73', password = '123456'\n\n    @allure.title('用户注册')\n    @pytest.mark.parametrize('user,password', userinfo)\n    def testcase1(self, browser, user, password):\n        with allure.step('打开主页，点击注册'):\n            主页_page = XO商城主页.HomePage(browser,'XO商城主页')\n            主页_page.my_get_url(base_url)\n            主页_page.my_click(主页_page.注册)\n        with allure.step('输入用户名，点击注册'):\n            注册_page = XO商城注册.ZC(browser,'XO商城注册')\n            注册_page.my_import_text(注册_page.用户名, user)\n            注册_page.my_import_text(注册_page.设置登录密码, password)\n            # 注册_page.my_click(注册_page.注册按钮)\n            注册_page.my_submit(注册_page.设置登录密码)\n    \n>           msg1 = 注册_page.my_switch_alert()\n\nWebUiTestCases\\test_register.py:43: \n_ _ _ _ _ _ _ _ _ _ _ _ _ _ _ _ _ _ _ _ _ _ _ _ _ _ _ _ _ _ _ _ _ _ _ _ _ _ _ _\nlibs\\common\\browser_init.py:233: in my_switch_alert\n    WebDriverWait(self.driver, timeout=10).until(EC.alert_is_present())\n_ _ _ _ _ _ _ _ _ _ _ _ _ _ _ _ _ _ _ _ _ _ _ _ _ _ _ _ _ _ _ _ _ _ _ _ _ _ _ _\n\nself = <selenium.webdriver.support.wait.WebDriverWait (session=\"30a6d78ae9e0c1ab9ae60dfc6e4ac74c\")>\nmethod = <selenium.webdriver.support.expected_conditions.alert_is_present object at 0x087E0630>\nmessage = ''\n\n    def until(self, method, message=''):\n        \"\"\"Calls the method provided with the driver as an argument until the \\\n        return value is not False.\"\"\"\n        screen = None\n        stacktrace = None\n    \n        end_time = time.time() + self._timeout\n        while True:\n            try:\n                value = method(self._driver)\n                if value:\n                    return value\n            except self._ignored_exceptions as exc:\n                screen = getattr(exc, 'screen', None)\n                stacktrace = getattr(exc, 'stacktrace', None)\n            time.sleep(self._poll)\n            if time.time() > end_time:\n                break\n>       raise TimeoutException(message, screen, stacktrace)\nE       selenium.common.exceptions.TimeoutException: Message:\n\nC:\\python\\lib\\site-packages\\selenium\\webdriver\\support\\wait.py:80: TimeoutException",
  "flaky" : false,
  "newFailed" : false,
  "beforeStages" : [ {
    "name" : "_session_faker",
    "time" : {
      "start" : 1622791329461,
      "stop" : 1622791329524,
      "duration" : 63
    },
    "status" : "passed",
    "steps" : [ ],
    "attachments" : [ ],
    "parameters" : [ ],
    "stepsCount" : 0,
    "hasContent" : false,
    "attachmentsCount" : 0,
    "shouldDisplayMessage" : false
  }, {
    "name" : "xunit_setup_class_fixture_TestZc",
    "time" : {
      "start" : 1622791335187,
      "stop" : 1622791335187,
      "duration" : 0
    },
    "status" : "passed",
    "steps" : [ ],
    "attachments" : [ ],
    "parameters" : [ ],
    "stepsCount" : 0,
    "hasContent" : false,
    "attachmentsCount" : 0,
    "shouldDisplayMessage" : false
  }, {
    "name" : "browser",
    "time" : {
      "start" : 1622791329539,
      "stop" : 1622791335187,
      "duration" : 5648
    },
    "status" : "passed",
    "steps" : [ ],
    "attachments" : [ ],
    "parameters" : [ ],
    "stepsCount" : 0,
    "hasContent" : false,
    "attachmentsCount" : 0,
    "shouldDisplayMessage" : false
  } ],
  "testStage" : {
    "status" : "broken",
    "statusMessage" : "selenium.common.exceptions.TimeoutException: Message:",
    "statusTrace" : "self = <WebUiTestCases.test_register.TestZc object at 0x0874C4D0>\nbrowser = <selenium.webdriver.chrome.webdriver.WebDriver (session=\"30a6d78ae9e0c1ab9ae60dfc6e4ac74c\")>\nuser = 'mik_73', password = '123456'\n\n    @allure.title('用户注册')\n    @pytest.mark.parametrize('user,password', userinfo)\n    def testcase1(self, browser, user, password):\n        with allure.step('打开主页，点击注册'):\n            主页_page = XO商城主页.HomePage(browser,'XO商城主页')\n            主页_page.my_get_url(base_url)\n            主页_page.my_click(主页_page.注册)\n        with allure.step('输入用户名，点击注册'):\n            注册_page = XO商城注册.ZC(browser,'XO商城注册')\n            注册_page.my_import_text(注册_page.用户名, user)\n            注册_page.my_import_text(注册_page.设置登录密码, password)\n            # 注册_page.my_click(注册_page.注册按钮)\n            注册_page.my_submit(注册_page.设置登录密码)\n    \n>           msg1 = 注册_page.my_switch_alert()\n\nWebUiTestCases\\test_register.py:43: \n_ _ _ _ _ _ _ _ _ _ _ _ _ _ _ _ _ _ _ _ _ _ _ _ _ _ _ _ _ _ _ _ _ _ _ _ _ _ _ _\nlibs\\common\\browser_init.py:233: in my_switch_alert\n    WebDriverWait(self.driver, timeout=10).until(EC.alert_is_present())\n_ _ _ _ _ _ _ _ _ _ _ _ _ _ _ _ _ _ _ _ _ _ _ _ _ _ _ _ _ _ _ _ _ _ _ _ _ _ _ _\n\nself = <selenium.webdriver.support.wait.WebDriverWait (session=\"30a6d78ae9e0c1ab9ae60dfc6e4ac74c\")>\nmethod = <selenium.webdriver.support.expected_conditions.alert_is_present object at 0x087E0630>\nmessage = ''\n\n    def until(self, method, message=''):\n        \"\"\"Calls the method provided with the driver as an argument until the \\\n        return value is not False.\"\"\"\n        screen = None\n        stacktrace = None\n    \n        end_time = time.time() + self._timeout\n        while True:\n            try:\n                value = method(self._driver)\n                if value:\n                    return value\n            except self._ignored_exceptions as exc:\n                screen = getattr(exc, 'screen', None)\n                stacktrace = getattr(exc, 'stacktrace', None)\n            time.sleep(self._poll)\n            if time.time() > end_time:\n                break\n>       raise TimeoutException(message, screen, stacktrace)\nE       selenium.common.exceptions.TimeoutException: Message:\n\nC:\\python\\lib\\site-packages\\selenium\\webdriver\\support\\wait.py:80: TimeoutException",
    "steps" : [ {
      "name" : "打开主页，点击注册",
      "time" : {
        "start" : 1622791335187,
        "stop" : 1622791353409,
        "duration" : 18222
      },
      "status" : "passed",
      "steps" : [ ],
      "attachments" : [ ],
      "parameters" : [ ],
      "stepsCount" : 0,
      "hasContent" : false,
      "attachmentsCount" : 0,
      "shouldDisplayMessage" : false
    }, {
      "name" : "输入用户名，点击注册",
      "time" : {
        "start" : 1622791353409,
        "stop" : 1622791364983,
        "duration" : 11574
      },
      "status" : "broken",
      "statusMessage" : "selenium.common.exceptions.TimeoutException: Message: \n\n",
      "statusTrace" : "  File \"E:\\My_code\\AutoTest\\WebUiTestCases\\test_register.py\", line 43, in testcase1\n    msg1 = 注册_page.my_switch_alert()\n  File \"E:\\My_code\\AutoTest\\libs\\common\\browser_init.py\", line 233, in my_switch_alert\n    WebDriverWait(self.driver, timeout=10).until(EC.alert_is_present())\n  File \"C:\\python\\lib\\site-packages\\selenium\\webdriver\\support\\wait.py\", line 80, in until\n    raise TimeoutException(message, screen, stacktrace)\n",
      "steps" : [ ],
      "attachments" : [ {
        "uid" : "40edb8e2b077ee6b",
        "name" : "XO商城注册",
        "source" : "40edb8e2b077ee6b.png",
        "type" : "image/png",
        "size" : 196637
      } ],
      "parameters" : [ ],
      "stepsCount" : 0,
      "hasContent" : true,
      "attachmentsCount" : 1,
      "shouldDisplayMessage" : true
    } ],
    "attachments" : [ {
      "uid" : "be948dc871e03da8",
      "name" : "log",
      "source" : "be948dc871e03da8.txt",
      "type" : "text/plain",
      "size" : 2047
    } ],
    "parameters" : [ ],
    "stepsCount" : 2,
    "hasContent" : true,
    "attachmentsCount" : 2,
    "shouldDisplayMessage" : true
  },
  "afterStages" : [ {
    "name" : "xunit_setup_class_fixture_TestZc::0",
    "time" : {
      "start" : 1622791378299,
      "stop" : 1622791378299,
      "duration" : 0
    },
    "status" : "passed",
    "steps" : [ ],
    "attachments" : [ ],
    "parameters" : [ ],
    "stepsCount" : 0,
    "hasContent" : false,
    "attachmentsCount" : 0,
    "shouldDisplayMessage" : false
  }, {
    "name" : "browser::0",
    "time" : {
      "start" : 1622791378314,
      "stop" : 1622791378314,
      "duration" : 0
    },
    "status" : "passed",
    "steps" : [ ],
    "attachments" : [ ],
    "parameters" : [ ],
    "stepsCount" : 0,
    "hasContent" : false,
    "attachmentsCount" : 0,
    "shouldDisplayMessage" : false
  } ],
  "labels" : [ {
    "name" : "feature",
    "value" : "用户注册模块"
  }, {
    "name" : "epic",
    "value" : "WebUI测试"
  }, {
    "name" : "severity",
    "value" : "blocker"
  }, {
    "name" : "parentSuite",
    "value" : "WebUiTestCases"
  }, {
    "name" : "suite",
    "value" : "test_register"
  }, {
    "name" : "subSuite",
    "value" : "TestZc"
  }, {
    "name" : "host",
    "value" : "DESKTOP-2TMV0U4"
  }, {
    "name" : "thread",
    "value" : "4272-MainThread"
  }, {
    "name" : "framework",
    "value" : "pytest"
  }, {
    "name" : "language",
    "value" : "cpython3"
  }, {
    "name" : "package",
    "value" : "WebUiTestCases.test_register"
  }, {
    "name" : "resultFormat",
    "value" : "allure2"
  } ],
  "parameters" : [ {
    "name" : "password",
    "value" : "'123456'"
  }, {
    "name" : "user",
    "value" : "'mik_73'"
  } ],
  "links" : [ ],
  "hidden" : false,
  "retry" : false,
  "extra" : {
    "severity" : "blocker",
    "retries" : [ ],
    "categories" : [ {
      "name" : "Test defects",
      "matchedStatuses" : [ ],
      "flaky" : false
    } ],
    "tags" : [ ]
  },
  "source" : "9a4864ac77b47a7b.json",
  "parameterValues" : [ "'123456'", "'mik_73'" ]
}