{
  "uid" : "9f124db304f3e278",
  "name" : "用户注册",
  "fullName" : "WebUiTestCases.test_register.TestZc#testcase1",
  "historyId" : "db25b39f7786ace479f75148f989cc03",
  "time" : {
    "start" : 1622882165013,
    "stop" : 1622882178147,
    "duration" : 13134
  },
  "status" : "broken",
  "statusMessage" : "selenium.common.exceptions.TimeoutException: Message:",
  "statusTrace" : "self = <WebUiTestCases.test_register.TestZc object at 0x08D6E150>\nbrowser = <selenium.webdriver.chrome.webdriver.WebDriver (session=\"ad0c5240dc08cb0c9e443fcd7666577a\")>\nbase_url = 'http://123.56.183.84/', user = 'mik_74', password = '123456'\n\n    @allure.title('用户注册')\n    @pytest.mark.parametrize('user,password', userinfo)\n    def testcase1(self, browser, base_url, user, password):\n        with allure.step('打开主页，点击注册'):\n            主页_page = XO商城主页.HomePage(browser)\n            主页_page.my_get_url(base_url)\n            主页_page.my_click(主页_page.注册)\n        with allure.step('输入用户名，点击注册'):\n            注册_page = XO商城注册.ZC(browser, )\n            注册_page.my_import_text(注册_page.用户名, user)\n            注册_page.my_import_text(注册_page.设置登录密码, password)\n            # 注册_page.my_click(注册_page.注册按钮)\n            注册_page.my_submit(注册_page.设置登录密码)\n        with allure.step('断言'):\n>           msg1 = 注册_page.my_switch_alert()\n\nWebUiTestCases\\test_register.py:43: \n_ _ _ _ _ _ _ _ _ _ _ _ _ _ _ _ _ _ _ _ _ _ _ _ _ _ _ _ _ _ _ _ _ _ _ _ _ _ _ _\nlibs\\common\\browser_init.py:232: in my_switch_alert\n    WebDriverWait(self.driver, timeout=10).until(EC.alert_is_present())\n_ _ _ _ _ _ _ _ _ _ _ _ _ _ _ _ _ _ _ _ _ _ _ _ _ _ _ _ _ _ _ _ _ _ _ _ _ _ _ _\n\nself = <selenium.webdriver.support.wait.WebDriverWait (session=\"ad0c5240dc08cb0c9e443fcd7666577a\")>\nmethod = <selenium.webdriver.support.expected_conditions.alert_is_present object at 0x092B68F0>\nmessage = ''\n\n    def until(self, method, message=''):\n        \"\"\"Calls the method provided with the driver as an argument until the \\\n        return value is not False.\"\"\"\n        screen = None\n        stacktrace = None\n    \n        end_time = time.time() + self._timeout\n        while True:\n            try:\n                value = method(self._driver)\n                if value:\n                    return value\n            except self._ignored_exceptions as exc:\n                screen = getattr(exc, 'screen', None)\n                stacktrace = getattr(exc, 'stacktrace', None)\n            time.sleep(self._poll)\n            if time.time() > end_time:\n                break\n>       raise TimeoutException(message, screen, stacktrace)\nE       selenium.common.exceptions.TimeoutException: Message:\n\nC:\\python\\lib\\site-packages\\selenium\\webdriver\\support\\wait.py:80: TimeoutException",
  "flaky" : false,
  "newFailed" : false,
  "beforeStages" : [ {
    "name" : "base_url",
    "time" : {
      "start" : 1622882132632,
      "stop" : 1622882132632,
      "duration" : 0
    },
    "status" : "passed",
    "steps" : [ ],
    "attachments" : [ ],
    "parameters" : [ ],
    "attachmentsCount" : 0,
    "shouldDisplayMessage" : false,
    "stepsCount" : 0,
    "hasContent" : false
  }, {
    "name" : "xunit_setup_class_fixture_TestZc",
    "time" : {
      "start" : 1622882139833,
      "stop" : 1622882139833,
      "duration" : 0
    },
    "status" : "passed",
    "steps" : [ ],
    "attachments" : [ ],
    "parameters" : [ ],
    "attachmentsCount" : 0,
    "shouldDisplayMessage" : false,
    "stepsCount" : 0,
    "hasContent" : false
  }, {
    "name" : "_session_faker",
    "time" : {
      "start" : 1622882132569,
      "stop" : 1622882132632,
      "duration" : 63
    },
    "status" : "passed",
    "steps" : [ ],
    "attachments" : [ ],
    "parameters" : [ ],
    "attachmentsCount" : 0,
    "shouldDisplayMessage" : false,
    "stepsCount" : 0,
    "hasContent" : false
  }, {
    "name" : "browser",
    "time" : {
      "start" : 1622882132632,
      "stop" : 1622882139833,
      "duration" : 7201
    },
    "status" : "passed",
    "steps" : [ ],
    "attachments" : [ ],
    "parameters" : [ ],
    "attachmentsCount" : 0,
    "shouldDisplayMessage" : false,
    "stepsCount" : 0,
    "hasContent" : false
  } ],
  "testStage" : {
    "status" : "broken",
    "statusMessage" : "selenium.common.exceptions.TimeoutException: Message:",
    "statusTrace" : "self = <WebUiTestCases.test_register.TestZc object at 0x08D6E150>\nbrowser = <selenium.webdriver.chrome.webdriver.WebDriver (session=\"ad0c5240dc08cb0c9e443fcd7666577a\")>\nbase_url = 'http://123.56.183.84/', user = 'mik_74', password = '123456'\n\n    @allure.title('用户注册')\n    @pytest.mark.parametrize('user,password', userinfo)\n    def testcase1(self, browser, base_url, user, password):\n        with allure.step('打开主页，点击注册'):\n            主页_page = XO商城主页.HomePage(browser)\n            主页_page.my_get_url(base_url)\n            主页_page.my_click(主页_page.注册)\n        with allure.step('输入用户名，点击注册'):\n            注册_page = XO商城注册.ZC(browser, )\n            注册_page.my_import_text(注册_page.用户名, user)\n            注册_page.my_import_text(注册_page.设置登录密码, password)\n            # 注册_page.my_click(注册_page.注册按钮)\n            注册_page.my_submit(注册_page.设置登录密码)\n        with allure.step('断言'):\n>           msg1 = 注册_page.my_switch_alert()\n\nWebUiTestCases\\test_register.py:43: \n_ _ _ _ _ _ _ _ _ _ _ _ _ _ _ _ _ _ _ _ _ _ _ _ _ _ _ _ _ _ _ _ _ _ _ _ _ _ _ _\nlibs\\common\\browser_init.py:232: in my_switch_alert\n    WebDriverWait(self.driver, timeout=10).until(EC.alert_is_present())\n_ _ _ _ _ _ _ _ _ _ _ _ _ _ _ _ _ _ _ _ _ _ _ _ _ _ _ _ _ _ _ _ _ _ _ _ _ _ _ _\n\nself = <selenium.webdriver.support.wait.WebDriverWait (session=\"ad0c5240dc08cb0c9e443fcd7666577a\")>\nmethod = <selenium.webdriver.support.expected_conditions.alert_is_present object at 0x092B68F0>\nmessage = ''\n\n    def until(self, method, message=''):\n        \"\"\"Calls the method provided with the driver as an argument until the \\\n        return value is not False.\"\"\"\n        screen = None\n        stacktrace = None\n    \n        end_time = time.time() + self._timeout\n        while True:\n            try:\n                value = method(self._driver)\n                if value:\n                    return value\n            except self._ignored_exceptions as exc:\n                screen = getattr(exc, 'screen', None)\n                stacktrace = getattr(exc, 'stacktrace', None)\n            time.sleep(self._poll)\n            if time.time() > end_time:\n                break\n>       raise TimeoutException(message, screen, stacktrace)\nE       selenium.common.exceptions.TimeoutException: Message:\n\nC:\\python\\lib\\site-packages\\selenium\\webdriver\\support\\wait.py:80: TimeoutException",
    "steps" : [ {
      "name" : "打开主页，点击注册",
      "time" : {
        "start" : 1622882165013,
        "stop" : 1622882166461,
        "duration" : 1448
      },
      "status" : "passed",
      "steps" : [ ],
      "attachments" : [ ],
      "parameters" : [ ],
      "attachmentsCount" : 0,
      "shouldDisplayMessage" : false,
      "stepsCount" : 0,
      "hasContent" : false
    }, {
      "name" : "输入用户名，点击注册",
      "time" : {
        "start" : 1622882166461,
        "stop" : 1622882166824,
        "duration" : 363
      },
      "status" : "passed",
      "steps" : [ ],
      "attachments" : [ ],
      "parameters" : [ ],
      "attachmentsCount" : 0,
      "shouldDisplayMessage" : false,
      "stepsCount" : 0,
      "hasContent" : false
    }, {
      "name" : "断言",
      "time" : {
        "start" : 1622882166824,
        "stop" : 1622882178147,
        "duration" : 11323
      },
      "status" : "broken",
      "statusMessage" : "selenium.common.exceptions.TimeoutException: Message: \n\n",
      "statusTrace" : "  File \"E:\\My_code\\AutoTest\\WebUiTestCases\\test_register.py\", line 43, in testcase1\n    msg1 = 注册_page.my_switch_alert()\n  File \"E:\\My_code\\AutoTest\\libs\\common\\browser_init.py\", line 232, in my_switch_alert\n    WebDriverWait(self.driver, timeout=10).until(EC.alert_is_present())\n  File \"C:\\python\\lib\\site-packages\\selenium\\webdriver\\support\\wait.py\", line 80, in until\n    raise TimeoutException(message, screen, stacktrace)\n",
      "steps" : [ ],
      "attachments" : [ {
        "uid" : "99b72683844d28bc",
        "name" : "2021-06-05-16-36-16",
        "source" : "99b72683844d28bc.png",
        "type" : "image/png",
        "size" : 196610
      } ],
      "parameters" : [ ],
      "attachmentsCount" : 1,
      "shouldDisplayMessage" : true,
      "stepsCount" : 0,
      "hasContent" : true
    } ],
    "attachments" : [ {
      "uid" : "8629d249c6863f3",
      "name" : "log",
      "source" : "8629d249c6863f3.txt",
      "type" : "text/plain",
      "size" : 1961
    } ],
    "parameters" : [ ],
    "attachmentsCount" : 2,
    "shouldDisplayMessage" : true,
    "stepsCount" : 3,
    "hasContent" : true
  },
  "afterStages" : [ {
    "name" : "xunit_setup_class_fixture_TestZc::0",
    "time" : {
      "start" : 1622882178161,
      "stop" : 1622882178161,
      "duration" : 0
    },
    "status" : "passed",
    "steps" : [ ],
    "attachments" : [ ],
    "parameters" : [ ],
    "attachmentsCount" : 0,
    "shouldDisplayMessage" : false,
    "stepsCount" : 0,
    "hasContent" : false
  }, {
    "name" : "browser::0",
    "time" : {
      "start" : 1622882178161,
      "stop" : 1622882181475,
      "duration" : 3314
    },
    "status" : "passed",
    "steps" : [ ],
    "attachments" : [ ],
    "parameters" : [ ],
    "attachmentsCount" : 0,
    "shouldDisplayMessage" : false,
    "stepsCount" : 0,
    "hasContent" : false
  } ],
  "labels" : [ {
    "name" : "epic",
    "value" : "WebUI测试"
  }, {
    "name" : "feature",
    "value" : "用户注册模块"
  }, {
    "name" : "severity",
    "value" : "normal"
  }, {
    "name" : "parentSuite",
    "value" : "WebUiTestCases"
  }, {
    "name" : "suite",
    "value" : "test_register"
  }, {
    "name" : "subSuite",
    "value" : "TestZc"
  }, {
    "name" : "host",
    "value" : "DESKTOP-2TMV0U4"
  }, {
    "name" : "thread",
    "value" : "6248-MainThread"
  }, {
    "name" : "framework",
    "value" : "pytest"
  }, {
    "name" : "language",
    "value" : "cpython3"
  }, {
    "name" : "package",
    "value" : "WebUiTestCases.test_register"
  }, {
    "name" : "resultFormat",
    "value" : "allure2"
  } ],
  "parameters" : [ {
    "name" : "password",
    "value" : "'123456'"
  }, {
    "name" : "user",
    "value" : "'mik_74'"
  } ],
  "links" : [ ],
  "hidden" : false,
  "retry" : false,
  "extra" : {
    "severity" : "normal",
    "retries" : [ ],
    "categories" : [ {
      "name" : "Test defects",
      "matchedStatuses" : [ ],
      "flaky" : false
    } ],
    "tags" : [ ]
  },
  "source" : "9f124db304f3e278.json",
  "parameterValues" : [ "'123456'", "'mik_74'" ]
}