{
  "uid" : "e6b0b7eb5a90833c",
  "name" : "测试数据：用户名：mik_74,密码：123456",
  "fullName" : "WebTestCases.test_02_login.TestLogin#testcase_01",
  "historyId" : "a151f1250ec263c844fd4d20cf9d0649",
  "time" : {
    "start" : 1624006626441,
    "stop" : 1624006638887,
    "duration" : 12446
  },
  "status" : "broken",
  "statusMessage" : "selenium.common.exceptions.TimeoutException: Message:",
  "statusTrace" : "self = <WebTestCases.test_02_login.TestLogin object at 0x09263090>\nbrowser = <selenium.webdriver.chrome.webdriver.WebDriver (session=\"a693cfcce2f71875003cdff80c7e1d48\")>\nuser = 'mik_74', password = 123456\n\n    @allure.story('用户登录')\n    @allure.title('测试数据：用户名：{user},密码：{password}')\n    @pytest.mark.parametrize('user,password', udata)\n    def testcase_01(self, browser, user, password):\n        with allure.step('打开主页，点击登录'):\n            page_主页 = XO商城主页.HomePage(browser, '商城主页')\n            page_主页.open_home()\n>           page_登录 = page_主页.goto_login()\n\nWebTestCases\\test_02_login.py:33: \n_ _ _ _ _ _ _ _ _ _ _ _ _ _ _ _ _ _ _ _ _ _ _ _ _ _ _ _ _ _ _ _ _ _ _ _ _ _ _ _\npom\\web_pom\\XO商城主页.py:21: in goto_login\n    self.my_click(self.__loc_登录, '登录')\nlibs\\common\\base.py:109: in my_click\n    ele = self.wait_element_visible(loc, msg=msg)\nlibs\\common\\base.py:56: in wait_element_visible\n    raise e\nlibs\\common\\base.py:51: in wait_element_visible\n    ele = WebDriverWait(self.driver, 10).until(EC.visibility_of_element_located(loc))\n_ _ _ _ _ _ _ _ _ _ _ _ _ _ _ _ _ _ _ _ _ _ _ _ _ _ _ _ _ _ _ _ _ _ _ _ _ _ _ _\n\nself = <selenium.webdriver.support.wait.WebDriverWait (session=\"a693cfcce2f71875003cdff80c7e1d48\")>\nmethod = <selenium.webdriver.support.expected_conditions.visibility_of_element_located object at 0x09234D50>\nmessage = ''\n\n    def until(self, method, message=''):\n        \"\"\"Calls the method provided with the driver as an argument until the \\\n        return value is not False.\"\"\"\n        screen = None\n        stacktrace = None\n    \n        end_time = time.time() + self._timeout\n        while True:\n            try:\n                value = method(self._driver)\n                if value:\n                    return value\n            except self._ignored_exceptions as exc:\n                screen = getattr(exc, 'screen', None)\n                stacktrace = getattr(exc, 'stacktrace', None)\n            time.sleep(self._poll)\n            if time.time() > end_time:\n                break\n>       raise TimeoutException(message, screen, stacktrace)\nE       selenium.common.exceptions.TimeoutException: Message:\n\nC:\\python\\lib\\site-packages\\selenium\\webdriver\\support\\wait.py:80: TimeoutException",
  "flaky" : false,
  "newFailed" : false,
  "beforeStages" : [ {
    "name" : "base_url",
    "time" : {
      "start" : 1624006572636,
      "stop" : 1624006572636,
      "duration" : 0
    },
    "status" : "passed",
    "steps" : [ ],
    "attachments" : [ ],
    "parameters" : [ ],
    "stepsCount" : 0,
    "hasContent" : false,
    "shouldDisplayMessage" : false,
    "attachmentsCount" : 0
  }, {
    "name" : "xunit_setup_class_fixture_TestLogin",
    "time" : {
      "start" : 1624006613874,
      "stop" : 1624006613874,
      "duration" : 0
    },
    "status" : "passed",
    "steps" : [ ],
    "attachments" : [ ],
    "parameters" : [ ],
    "stepsCount" : 0,
    "hasContent" : false,
    "shouldDisplayMessage" : false,
    "attachmentsCount" : 0
  }, {
    "name" : "_session_faker",
    "time" : {
      "start" : 1624006572573,
      "stop" : 1624006572636,
      "duration" : 63
    },
    "status" : "passed",
    "steps" : [ ],
    "attachments" : [ ],
    "parameters" : [ ],
    "stepsCount" : 0,
    "hasContent" : false,
    "shouldDisplayMessage" : false,
    "attachmentsCount" : 0
  }, {
    "name" : "browser",
    "time" : {
      "start" : 1624006572636,
      "stop" : 1624006577417,
      "duration" : 4781
    },
    "status" : "passed",
    "steps" : [ ],
    "attachments" : [ ],
    "parameters" : [ ],
    "stepsCount" : 0,
    "hasContent" : false,
    "shouldDisplayMessage" : false,
    "attachmentsCount" : 0
  }, {
    "name" : "function_log",
    "time" : {
      "start" : 1624006626441,
      "stop" : 1624006626441,
      "duration" : 0
    },
    "status" : "passed",
    "steps" : [ ],
    "attachments" : [ ],
    "parameters" : [ ],
    "stepsCount" : 0,
    "hasContent" : false,
    "shouldDisplayMessage" : false,
    "attachmentsCount" : 0
  } ],
  "testStage" : {
    "status" : "broken",
    "statusMessage" : "selenium.common.exceptions.TimeoutException: Message:",
    "statusTrace" : "self = <WebTestCases.test_02_login.TestLogin object at 0x09263090>\nbrowser = <selenium.webdriver.chrome.webdriver.WebDriver (session=\"a693cfcce2f71875003cdff80c7e1d48\")>\nuser = 'mik_74', password = 123456\n\n    @allure.story('用户登录')\n    @allure.title('测试数据：用户名：{user},密码：{password}')\n    @pytest.mark.parametrize('user,password', udata)\n    def testcase_01(self, browser, user, password):\n        with allure.step('打开主页，点击登录'):\n            page_主页 = XO商城主页.HomePage(browser, '商城主页')\n            page_主页.open_home()\n>           page_登录 = page_主页.goto_login()\n\nWebTestCases\\test_02_login.py:33: \n_ _ _ _ _ _ _ _ _ _ _ _ _ _ _ _ _ _ _ _ _ _ _ _ _ _ _ _ _ _ _ _ _ _ _ _ _ _ _ _\npom\\web_pom\\XO商城主页.py:21: in goto_login\n    self.my_click(self.__loc_登录, '登录')\nlibs\\common\\base.py:109: in my_click\n    ele = self.wait_element_visible(loc, msg=msg)\nlibs\\common\\base.py:56: in wait_element_visible\n    raise e\nlibs\\common\\base.py:51: in wait_element_visible\n    ele = WebDriverWait(self.driver, 10).until(EC.visibility_of_element_located(loc))\n_ _ _ _ _ _ _ _ _ _ _ _ _ _ _ _ _ _ _ _ _ _ _ _ _ _ _ _ _ _ _ _ _ _ _ _ _ _ _ _\n\nself = <selenium.webdriver.support.wait.WebDriverWait (session=\"a693cfcce2f71875003cdff80c7e1d48\")>\nmethod = <selenium.webdriver.support.expected_conditions.visibility_of_element_located object at 0x09234D50>\nmessage = ''\n\n    def until(self, method, message=''):\n        \"\"\"Calls the method provided with the driver as an argument until the \\\n        return value is not False.\"\"\"\n        screen = None\n        stacktrace = None\n    \n        end_time = time.time() + self._timeout\n        while True:\n            try:\n                value = method(self._driver)\n                if value:\n                    return value\n            except self._ignored_exceptions as exc:\n                screen = getattr(exc, 'screen', None)\n                stacktrace = getattr(exc, 'stacktrace', None)\n            time.sleep(self._poll)\n            if time.time() > end_time:\n                break\n>       raise TimeoutException(message, screen, stacktrace)\nE       selenium.common.exceptions.TimeoutException: Message:\n\nC:\\python\\lib\\site-packages\\selenium\\webdriver\\support\\wait.py:80: TimeoutException",
    "steps" : [ {
      "name" : "打开主页，点击登录",
      "time" : {
        "start" : 1624006626441,
        "stop" : 1624006638887,
        "duration" : 12446
      },
      "status" : "broken",
      "statusMessage" : "selenium.common.exceptions.TimeoutException: Message: \n\n",
      "statusTrace" : "  File \"E:\\My_code\\UIAutoTest\\WebTestCases\\test_02_login.py\", line 33, in testcase_01\n    page_登录 = page_主页.goto_login()\n  File \"E:\\My_code\\UIAutoTest\\pom\\web_pom\\XO商城主页.py\", line 21, in goto_login\n    self.my_click(self.__loc_登录, '登录')\n  File \"E:\\My_code\\UIAutoTest\\libs\\common\\base.py\", line 109, in my_click\n    ele = self.wait_element_visible(loc, msg=msg)\n  File \"E:\\My_code\\UIAutoTest\\libs\\common\\base.py\", line 56, in wait_element_visible\n    raise e\n  File \"E:\\My_code\\UIAutoTest\\libs\\common\\base.py\", line 51, in wait_element_visible\n    ele = WebDriverWait(self.driver, 10).until(EC.visibility_of_element_located(loc))\n  File \"C:\\python\\lib\\site-packages\\selenium\\webdriver\\support\\wait.py\", line 80, in until\n    raise TimeoutException(message, screen, stacktrace)\n",
      "steps" : [ ],
      "attachments" : [ {
        "uid" : "d4eb179833209cde",
        "name" : "2021-06-18-16-57-17",
        "source" : "d4eb179833209cde.png",
        "type" : "image/png",
        "size" : 615223
      } ],
      "parameters" : [ ],
      "stepsCount" : 0,
      "hasContent" : true,
      "shouldDisplayMessage" : true,
      "attachmentsCount" : 1
    } ],
    "attachments" : [ {
      "uid" : "b1e4f5580113dd3e",
      "name" : "log",
      "source" : "b1e4f5580113dd3e.txt",
      "type" : "text/plain",
      "size" : 579
    } ],
    "parameters" : [ ],
    "stepsCount" : 1,
    "hasContent" : true,
    "shouldDisplayMessage" : true,
    "attachmentsCount" : 2
  },
  "afterStages" : [ {
    "name" : "xunit_setup_class_fixture_TestLogin::0",
    "time" : {
      "start" : 1624006638902,
      "stop" : 1624006638902,
      "duration" : 0
    },
    "status" : "passed",
    "steps" : [ ],
    "attachments" : [ ],
    "parameters" : [ ],
    "stepsCount" : 0,
    "hasContent" : false,
    "shouldDisplayMessage" : false,
    "attachmentsCount" : 0
  }, {
    "name" : "browser::0",
    "time" : {
      "start" : 1624006638902,
      "stop" : 1624006642231,
      "duration" : 3329
    },
    "status" : "passed",
    "steps" : [ ],
    "attachments" : [ ],
    "parameters" : [ ],
    "stepsCount" : 0,
    "hasContent" : false,
    "shouldDisplayMessage" : false,
    "attachmentsCount" : 0
  }, {
    "name" : "function_log::0",
    "time" : {
      "start" : 1624006638902,
      "stop" : 1624006638902,
      "duration" : 0
    },
    "status" : "passed",
    "steps" : [ ],
    "attachments" : [ ],
    "parameters" : [ ],
    "stepsCount" : 0,
    "hasContent" : false,
    "shouldDisplayMessage" : false,
    "attachmentsCount" : 0
  } ],
  "labels" : [ {
    "name" : "severity",
    "value" : "normal"
  }, {
    "name" : "story",
    "value" : "用户登录"
  }, {
    "name" : "feature",
    "value" : "用户登录模块"
  }, {
    "name" : "epic",
    "value" : "WebUI测试"
  }, {
    "name" : "parentSuite",
    "value" : "WebTestCases"
  }, {
    "name" : "suite",
    "value" : "test_02_login"
  }, {
    "name" : "subSuite",
    "value" : "TestLogin"
  }, {
    "name" : "host",
    "value" : "DESKTOP-2TMV0U4"
  }, {
    "name" : "thread",
    "value" : "2056-Thread-1"
  }, {
    "name" : "framework",
    "value" : "pytest"
  }, {
    "name" : "language",
    "value" : "cpython3"
  }, {
    "name" : "package",
    "value" : "WebTestCases.test_02_login"
  }, {
    "name" : "resultFormat",
    "value" : "allure2"
  } ],
  "parameters" : [ {
    "name" : "password",
    "value" : "123456"
  }, {
    "name" : "user",
    "value" : "'mik_74'"
  } ],
  "links" : [ ],
  "hidden" : false,
  "retry" : false,
  "extra" : {
    "severity" : "normal",
    "retries" : [ ],
    "categories" : [ {
      "name" : "Test defects",
      "matchedStatuses" : [ ],
      "flaky" : false
    } ],
    "tags" : [ ]
  },
  "source" : "e6b0b7eb5a90833c.json",
  "parameterValues" : [ "123456", "'mik_74'" ]
}