{
  "uid" : "f446d91a1df92a68",
  "name" : "测试数据：用户名：mik_73,密码：123456",
  "fullName" : "WebTestCases.test_01_register.TestRegister#testcase_01",
  "historyId" : "8c23dcc18942ae2fa4b027a014ba05d7",
  "time" : {
    "start" : 1624006577417,
    "stop" : 1624006601433,
    "duration" : 24016
  },
  "status" : "broken",
  "statusMessage" : "selenium.common.exceptions.TimeoutException: Message:",
  "statusTrace" : "self = <WebTestCases.test_01_register.TestRegister object at 0x082DC0F0>\nbrowser = <selenium.webdriver.chrome.webdriver.WebDriver (session=\"a693cfcce2f71875003cdff80c7e1d48\")>\nuser = 'mik_73', password = 123456\n\n    @allure.story('用户注册')\n    @allure.title('测试数据：用户名：{user},密码：{password}')\n    @pytest.mark.parametrize('user,password', udata)\n    def testcase_01(self, browser, user, password):\n        with allure.step('打开主页，点击注册'):\n            page_主页 = XO商城主页.HomePage(browser, '商城主页')\n            page_主页.open_home()\n>           page_注册 = page_主页.goto_register()\n\nWebTestCases\\test_01_register.py:33: \n_ _ _ _ _ _ _ _ _ _ _ _ _ _ _ _ _ _ _ _ _ _ _ _ _ _ _ _ _ _ _ _ _ _ _ _ _ _ _ _\npom\\web_pom\\XO商城主页.py:25: in goto_register\n    self.my_click(self.__loc_注册, '注册')\nlibs\\common\\base.py:109: in my_click\n    ele = self.wait_element_visible(loc, msg=msg)\nlibs\\common\\base.py:56: in wait_element_visible\n    raise e\nlibs\\common\\base.py:51: in wait_element_visible\n    ele = WebDriverWait(self.driver, 10).until(EC.visibility_of_element_located(loc))\n_ _ _ _ _ _ _ _ _ _ _ _ _ _ _ _ _ _ _ _ _ _ _ _ _ _ _ _ _ _ _ _ _ _ _ _ _ _ _ _\n\nself = <selenium.webdriver.support.wait.WebDriverWait (session=\"a693cfcce2f71875003cdff80c7e1d48\")>\nmethod = <selenium.webdriver.support.expected_conditions.visibility_of_element_located object at 0x08B49D90>\nmessage = ''\n\n    def until(self, method, message=''):\n        \"\"\"Calls the method provided with the driver as an argument until the \\\n        return value is not False.\"\"\"\n        screen = None\n        stacktrace = None\n    \n        end_time = time.time() + self._timeout\n        while True:\n            try:\n                value = method(self._driver)\n                if value:\n                    return value\n            except self._ignored_exceptions as exc:\n                screen = getattr(exc, 'screen', None)\n                stacktrace = getattr(exc, 'stacktrace', None)\n            time.sleep(self._poll)\n            if time.time() > end_time:\n                break\n>       raise TimeoutException(message, screen, stacktrace)\nE       selenium.common.exceptions.TimeoutException: Message:\n\nC:\\python\\lib\\site-packages\\selenium\\webdriver\\support\\wait.py:80: TimeoutException",
  "flaky" : false,
  "newFailed" : false,
  "beforeStages" : [ {
    "name" : "base_url",
    "time" : {
      "start" : 1624006572636,
      "stop" : 1624006572636,
      "duration" : 0
    },
    "status" : "passed",
    "steps" : [ ],
    "attachments" : [ ],
    "parameters" : [ ],
    "stepsCount" : 0,
    "hasContent" : false,
    "shouldDisplayMessage" : false,
    "attachmentsCount" : 0
  }, {
    "name" : "_session_faker",
    "time" : {
      "start" : 1624006572573,
      "stop" : 1624006572636,
      "duration" : 63
    },
    "status" : "passed",
    "steps" : [ ],
    "attachments" : [ ],
    "parameters" : [ ],
    "stepsCount" : 0,
    "hasContent" : false,
    "shouldDisplayMessage" : false,
    "attachmentsCount" : 0
  }, {
    "name" : "browser",
    "time" : {
      "start" : 1624006572636,
      "stop" : 1624006577417,
      "duration" : 4781
    },
    "status" : "passed",
    "steps" : [ ],
    "attachments" : [ ],
    "parameters" : [ ],
    "stepsCount" : 0,
    "hasContent" : false,
    "shouldDisplayMessage" : false,
    "attachmentsCount" : 0
  }, {
    "name" : "function_log",
    "time" : {
      "start" : 1624006577417,
      "stop" : 1624006577417,
      "duration" : 0
    },
    "status" : "passed",
    "steps" : [ ],
    "attachments" : [ ],
    "parameters" : [ ],
    "stepsCount" : 0,
    "hasContent" : false,
    "shouldDisplayMessage" : false,
    "attachmentsCount" : 0
  }, {
    "name" : "xunit_setup_class_fixture_TestRegister",
    "time" : {
      "start" : 1624006577417,
      "stop" : 1624006577417,
      "duration" : 0
    },
    "status" : "passed",
    "steps" : [ ],
    "attachments" : [ ],
    "parameters" : [ ],
    "stepsCount" : 0,
    "hasContent" : false,
    "shouldDisplayMessage" : false,
    "attachmentsCount" : 0
  } ],
  "testStage" : {
    "status" : "broken",
    "statusMessage" : "selenium.common.exceptions.TimeoutException: Message:",
    "statusTrace" : "self = <WebTestCases.test_01_register.TestRegister object at 0x082DC0F0>\nbrowser = <selenium.webdriver.chrome.webdriver.WebDriver (session=\"a693cfcce2f71875003cdff80c7e1d48\")>\nuser = 'mik_73', password = 123456\n\n    @allure.story('用户注册')\n    @allure.title('测试数据：用户名：{user},密码：{password}')\n    @pytest.mark.parametrize('user,password', udata)\n    def testcase_01(self, browser, user, password):\n        with allure.step('打开主页，点击注册'):\n            page_主页 = XO商城主页.HomePage(browser, '商城主页')\n            page_主页.open_home()\n>           page_注册 = page_主页.goto_register()\n\nWebTestCases\\test_01_register.py:33: \n_ _ _ _ _ _ _ _ _ _ _ _ _ _ _ _ _ _ _ _ _ _ _ _ _ _ _ _ _ _ _ _ _ _ _ _ _ _ _ _\npom\\web_pom\\XO商城主页.py:25: in goto_register\n    self.my_click(self.__loc_注册, '注册')\nlibs\\common\\base.py:109: in my_click\n    ele = self.wait_element_visible(loc, msg=msg)\nlibs\\common\\base.py:56: in wait_element_visible\n    raise e\nlibs\\common\\base.py:51: in wait_element_visible\n    ele = WebDriverWait(self.driver, 10).until(EC.visibility_of_element_located(loc))\n_ _ _ _ _ _ _ _ _ _ _ _ _ _ _ _ _ _ _ _ _ _ _ _ _ _ _ _ _ _ _ _ _ _ _ _ _ _ _ _\n\nself = <selenium.webdriver.support.wait.WebDriverWait (session=\"a693cfcce2f71875003cdff80c7e1d48\")>\nmethod = <selenium.webdriver.support.expected_conditions.visibility_of_element_located object at 0x08B49D90>\nmessage = ''\n\n    def until(self, method, message=''):\n        \"\"\"Calls the method provided with the driver as an argument until the \\\n        return value is not False.\"\"\"\n        screen = None\n        stacktrace = None\n    \n        end_time = time.time() + self._timeout\n        while True:\n            try:\n                value = method(self._driver)\n                if value:\n                    return value\n            except self._ignored_exceptions as exc:\n                screen = getattr(exc, 'screen', None)\n                stacktrace = getattr(exc, 'stacktrace', None)\n            time.sleep(self._poll)\n            if time.time() > end_time:\n                break\n>       raise TimeoutException(message, screen, stacktrace)\nE       selenium.common.exceptions.TimeoutException: Message:\n\nC:\\python\\lib\\site-packages\\selenium\\webdriver\\support\\wait.py:80: TimeoutException",
    "steps" : [ {
      "name" : "打开主页，点击注册",
      "time" : {
        "start" : 1624006577417,
        "stop" : 1624006601371,
        "duration" : 23954
      },
      "status" : "broken",
      "statusMessage" : "selenium.common.exceptions.TimeoutException: Message: \n\n",
      "statusTrace" : "  File \"E:\\My_code\\UIAutoTest\\WebTestCases\\test_01_register.py\", line 33, in testcase_01\n    page_注册 = page_主页.goto_register()\n  File \"E:\\My_code\\UIAutoTest\\pom\\web_pom\\XO商城主页.py\", line 25, in goto_register\n    self.my_click(self.__loc_注册, '注册')\n  File \"E:\\My_code\\UIAutoTest\\libs\\common\\base.py\", line 109, in my_click\n    ele = self.wait_element_visible(loc, msg=msg)\n  File \"E:\\My_code\\UIAutoTest\\libs\\common\\base.py\", line 56, in wait_element_visible\n    raise e\n  File \"E:\\My_code\\UIAutoTest\\libs\\common\\base.py\", line 51, in wait_element_visible\n    ele = WebDriverWait(self.driver, 10).until(EC.visibility_of_element_located(loc))\n  File \"C:\\python\\lib\\site-packages\\selenium\\webdriver\\support\\wait.py\", line 80, in until\n    raise TimeoutException(message, screen, stacktrace)\n",
      "steps" : [ ],
      "attachments" : [ {
        "uid" : "69097ff5ee3707bc",
        "name" : "2021-06-18-16-56-39",
        "source" : "69097ff5ee3707bc.png",
        "type" : "image/png",
        "size" : 615223
      } ],
      "parameters" : [ ],
      "stepsCount" : 0,
      "hasContent" : true,
      "shouldDisplayMessage" : true,
      "attachmentsCount" : 1
    } ],
    "attachments" : [ {
      "uid" : "a640f8cac5bb7cd1",
      "name" : "log",
      "source" : "a640f8cac5bb7cd1.txt",
      "type" : "text/plain",
      "size" : 591
    } ],
    "parameters" : [ ],
    "stepsCount" : 1,
    "hasContent" : true,
    "shouldDisplayMessage" : true,
    "attachmentsCount" : 2
  },
  "afterStages" : [ {
    "name" : "browser::0",
    "time" : {
      "start" : 1624006638902,
      "stop" : 1624006642231,
      "duration" : 3329
    },
    "status" : "passed",
    "steps" : [ ],
    "attachments" : [ ],
    "parameters" : [ ],
    "stepsCount" : 0,
    "hasContent" : false,
    "shouldDisplayMessage" : false,
    "attachmentsCount" : 0
  }, {
    "name" : "function_log::0",
    "time" : {
      "start" : 1624006601496,
      "stop" : 1624006601496,
      "duration" : 0
    },
    "status" : "passed",
    "steps" : [ ],
    "attachments" : [ ],
    "parameters" : [ ],
    "stepsCount" : 0,
    "hasContent" : false,
    "shouldDisplayMessage" : false,
    "attachmentsCount" : 0
  }, {
    "name" : "xunit_setup_class_fixture_TestRegister::0",
    "time" : {
      "start" : 1624006613874,
      "stop" : 1624006613874,
      "duration" : 0
    },
    "status" : "passed",
    "steps" : [ ],
    "attachments" : [ ],
    "parameters" : [ ],
    "stepsCount" : 0,
    "hasContent" : false,
    "shouldDisplayMessage" : false,
    "attachmentsCount" : 0
  } ],
  "labels" : [ {
    "name" : "severity",
    "value" : "normal"
  }, {
    "name" : "story",
    "value" : "用户注册"
  }, {
    "name" : "epic",
    "value" : "WebUI测试"
  }, {
    "name" : "feature",
    "value" : "用户注册模块"
  }, {
    "name" : "parentSuite",
    "value" : "WebTestCases"
  }, {
    "name" : "suite",
    "value" : "test_01_register"
  }, {
    "name" : "subSuite",
    "value" : "TestRegister"
  }, {
    "name" : "host",
    "value" : "DESKTOP-2TMV0U4"
  }, {
    "name" : "thread",
    "value" : "2056-Thread-1"
  }, {
    "name" : "framework",
    "value" : "pytest"
  }, {
    "name" : "language",
    "value" : "cpython3"
  }, {
    "name" : "package",
    "value" : "WebTestCases.test_01_register"
  }, {
    "name" : "resultFormat",
    "value" : "allure2"
  } ],
  "parameters" : [ {
    "name" : "password",
    "value" : "123456"
  }, {
    "name" : "user",
    "value" : "'mik_73'"
  } ],
  "links" : [ ],
  "hidden" : false,
  "retry" : false,
  "extra" : {
    "severity" : "normal",
    "retries" : [ ],
    "categories" : [ {
      "name" : "Test defects",
      "matchedStatuses" : [ ],
      "flaky" : false
    } ],
    "tags" : [ ]
  },
  "source" : "f446d91a1df92a68.json",
  "parameterValues" : [ "123456", "'mik_73'" ]
}