{"name": "测试数据：mik_73,123456", "status": "broken", "statusDetails": {"message": "selenium.common.exceptions.TimeoutException: Message:", "trace": "self = <WebTestCases.test_01_register.TestZc object at 0x088DB8F0>\nbrowser = <selenium.webdriver.chrome.webdriver.WebDriver (session=\"ad2fef43013f240a196f2998766338d3\")>\nbase_url = 'http://123.56.183.84/', user = 'mik_73', password = '123456'\n\n    @allure.story('用户注册')\n    @allure.title('测试数据：{user},{password}')\n    @pytest.mark.parametrize('user,password', userinfo)\n    def testcase_01(self, browser, base_url, user, password):\n        with allure.step('打开主页，点击注册'):\n            主页_page = XO商城主页.HomePage(browser)\n            主页_page.my_get_url(base_url)\n            主页_page.my_click(主页_page.注册)\n        with allure.step('输入用户名，点击注册'):\n            注册_page = XO商城注册.ZC(browser)\n            注册_page.my_import_text(注册_page.用户名, user)\n            注册_page.my_import_text(注册_page.设置登录密码, password)\n            # 注册_page.my_click(注册_page.注册按钮)\n            注册_page.my_submit(注册_page.设置登录密码)\n        # with allure.step('断言'):\n        #     msg1 = 注册_page.my_switch_alert()\n            # print(msg1)\n            # logger.info(msg1)\n    \n        with allure.step('注册断言'):\n            登录成功_page = XO商城登录成功页面.DLCG(browser)\n    \n    \n            try:\n                text = 登录成功_page.my_get_text(登录成功_page.欢迎)\n    \n            # text='12121'\n            # assert '欢迎来到' in text\n                if '欢迎来到' in text:\n                    logger.info('注册成功')\n                    登录成功_page.my_click(登录成功_page.退出登录)\n    \n                else:\n                    raise AssertionError('注册失败')\n            except Exception as e:\n>               raise e\n\nWebTestCases\\test_01_register.py:65: \n_ _ _ _ _ _ _ _ _ _ _ _ _ _ _ _ _ _ _ _ _ _ _ _ _ _ _ _ _ _ _ _ _ _ _ _ _ _ _ _ _ _ _ _ _ _ _ _ _ _ _ _ _ _ _ _ _ _ _ _\nWebTestCases\\test_01_register.py:54: in testcase_01\n    text = 登录成功_page.my_get_text(登录成功_page.欢迎)\nlibs\\common\\browser_init.py:212: in my_get_text\n    ele = self.wait_element_visible(loc)\nlibs\\common\\browser_init.py:94: in wait_element_visible\n    raise e\nlibs\\common\\browser_init.py:89: in wait_element_visible\n    ele = WebDriverWait(self.driver, t).until(EC.visibility_of_element_located(loc))\n_ _ _ _ _ _ _ _ _ _ _ _ _ _ _ _ _ _ _ _ _ _ _ _ _ _ _ _ _ _ _ _ _ _ _ _ _ _ _ _ _ _ _ _ _ _ _ _ _ _ _ _ _ _ _ _ _ _ _ _\n\nself = <selenium.webdriver.support.wait.WebDriverWait (session=\"ad2fef43013f240a196f2998766338d3\")>\nmethod = <selenium.webdriver.support.expected_conditions.visibility_of_element_located object at 0x0896D710>\nmessage = ''\n\n    def until(self, method, message=''):\n        \"\"\"Calls the method provided with the driver as an argument until the \\\n        return value is not False.\"\"\"\n        screen = None\n        stacktrace = None\n    \n        end_time = time.time() + self._timeout\n        while True:\n            try:\n                value = method(self._driver)\n                if value:\n                    return value\n            except self._ignored_exceptions as exc:\n                screen = getattr(exc, 'screen', None)\n                stacktrace = getattr(exc, 'stacktrace', None)\n            time.sleep(self._poll)\n            if time.time() > end_time:\n                break\n>       raise TimeoutException(message, screen, stacktrace)\nE       selenium.common.exceptions.TimeoutException: Message:\n\nC:\\python\\lib\\site-packages\\selenium\\webdriver\\support\\wait.py:80: TimeoutException"}, "steps": [{"name": "打开主页，点击注册", "status": "passed", "start": 1623332599282, "stop": 1623332616546}, {"name": "输入用户名，点击注册", "status": "passed", "start": 1623332616546, "stop": 1623332616800}, {"name": "注册断言", "status": "broken", "statusDetails": {"message": "selenium.common.exceptions.TimeoutException: Message: \n\n", "trace": "  File \"E:\\My_code\\UIAutoTest\\WebTestCases\\test_01_register.py\", line 65, in testcase_01\n    raise e\n  File \"E:\\My_code\\UIAutoTest\\WebTestCases\\test_01_register.py\", line 54, in testcase_01\n    text = 登录成功_page.my_get_text(登录成功_page.欢迎)\n  File \"E:\\My_code\\UIAutoTest\\libs\\common\\browser_init.py\", line 212, in my_get_text\n    ele = self.wait_element_visible(loc)\n  File \"E:\\My_code\\UIAutoTest\\libs\\common\\browser_init.py\", line 94, in wait_element_visible\n    raise e\n  File \"E:\\My_code\\UIAutoTest\\libs\\common\\browser_init.py\", line 89, in wait_element_visible\n    ele = WebDriverWait(self.driver, t).until(EC.visibility_of_element_located(loc))\n  File \"C:\\python\\lib\\site-packages\\selenium\\webdriver\\support\\wait.py\", line 80, in until\n    raise TimeoutException(message, screen, stacktrace)\n"}, "attachments": [{"name": "2021-06-10-21-43-47", "source": "5f7fde00-540d-4e00-b1e2-6c10b36c3c6e-attachment.png", "type": "image/png"}], "start": 1623332616800, "stop": 1623332629025}], "attachments": [{"name": "log", "source": "0355d264-fcb3-44f3-8a54-50fe717d9d49-attachment.txt", "type": "text/plain"}], "parameters": [{"name": "user", "value": "'mik_73'"}, {"name": "password", "value": "'123456'"}], "start": 1623332599282, "stop": 1623332629025, "uuid": "a85da0b4-8401-4b12-a60b-f005e9c963c6", "historyId": "521e2637686631c9972d7c0dcdc0c812", "testCaseId": "b4ff580a61e95fc8c196a9cf745da558", "fullName": "WebTestCases.test_01_register.TestZc#testcase_01", "labels": [{"name": "severity", "value": "normal"}, {"name": "feature", "value": "用户注册模块"}, {"name": "epic", "value": "WebUI测试"}, {"name": "story", "value": "用户注册"}, {"name": "parentSuite", "value": "WebTestCases"}, {"name": "suite", "value": "test_01_register"}, {"name": "subSuite", "value": "TestZc"}, {"name": "host", "value": "DESKTOP-2TMV0U4"}, {"name": "thread", "value": "7044-MainThread"}, {"name": "framework", "value": "pytest"}, {"name": "language", "value": "cpython3"}, {"name": "package", "value": "WebTestCases.test_01_register"}]}