{"name": "用户注册", "status": "broken", "statusDetails": {"message": "selenium.common.exceptions.TimeoutException: Message:", "trace": "self = <WebTestCases.test_register.TestZc object at 0x0902E9F0>\nbrowser = <selenium.webdriver.chrome.webdriver.WebDriver (session=\"2d3cb5b57cdf0dc0c5a0ce9ef45dba8d\")>\nbase_url = 'http://123.56.183.84/', user = 'mik_74', password = '123456'\n\n    @allure.title('用户注册')\n    @pytest.mark.parametrize('user,password', userinfo)\n    def testcase1(self, browser, base_url, user, password):\n        with allure.step('打开主页，点击注册'):\n            主页_page = XO商城主页.HomePage(browser)\n            主页_page.my_get_url(base_url)\n            主页_page.my_click(主页_page.注册)\n        with allure.step('输入用户名，点击注册'):\n            注册_page = XO商城注册.ZC(browser)\n            注册_page.my_import_text(注册_page.用户名, user)\n            注册_page.my_import_text(注册_page.设置登录密码, password)\n            # 注册_page.my_click(注册_page.注册按钮)\n            注册_page.my_submit(注册_page.设置登录密码)\n        # with allure.step('断言'):\n        #     msg1 = 注册_page.my_switch_alert()\n            # print(msg1)\n            # logger.info(msg1)\n    \n        with allure.step('注册断言'):\n            登录成功_page = XO商城登录成功页面.DLCG(browser)\n    \n    \n            try:\n                text = 登录成功_page.my_get_text(登录成功_page.欢迎)\n    \n            # text='12121'\n            # assert '欢迎来到' in text\n                if '欢迎来到' in text:\n                    logger.info('注册成功')\n                    登录成功_page.my_click(登录成功_page.退出登录)\n    \n                else:\n                    raise AssertionError('注册失败')\n            except Exception as e:\n>               raise e\n\nWebTestCases\\test_register.py:64: \n_ _ _ _ _ _ _ _ _ _ _ _ _ _ _ _ _ _ _ _ _ _ _ _ _ _ _ _ _ _ _ _ _ _ _ _ _ _ _ _\nWebTestCases\\test_register.py:53: in testcase1\n    text = 登录成功_page.my_get_text(登录成功_page.欢迎)\nlibs\\common\\browser_init.py:209: in my_get_text\n    ele = self.wait_element_visible(loc)\nlibs\\common\\browser_init.py:91: in wait_element_visible\n    raise e\nlibs\\common\\browser_init.py:86: in wait_element_visible\n    ele = WebDriverWait(self.driver, t).until(EC.visibility_of_element_located(loc))\n_ _ _ _ _ _ _ _ _ _ _ _ _ _ _ _ _ _ _ _ _ _ _ _ _ _ _ _ _ _ _ _ _ _ _ _ _ _ _ _\n\nself = <selenium.webdriver.support.wait.WebDriverWait (session=\"2d3cb5b57cdf0dc0c5a0ce9ef45dba8d\")>\nmethod = <selenium.webdriver.support.expected_conditions.visibility_of_element_located object at 0x0900ACF0>\nmessage = ''\n\n    def until(self, method, message=''):\n        \"\"\"Calls the method provided with the driver as an argument until the \\\n        return value is not False.\"\"\"\n        screen = None\n        stacktrace = None\n    \n        end_time = time.time() + self._timeout\n        while True:\n            try:\n                value = method(self._driver)\n                if value:\n                    return value\n            except self._ignored_exceptions as exc:\n                screen = getattr(exc, 'screen', None)\n                stacktrace = getattr(exc, 'stacktrace', None)\n            time.sleep(self._poll)\n            if time.time() > end_time:\n                break\n>       raise TimeoutException(message, screen, stacktrace)\nE       selenium.common.exceptions.TimeoutException: Message:\n\nC:\\python\\lib\\site-packages\\selenium\\webdriver\\support\\wait.py:80: TimeoutException"}, "steps": [{"name": "打开主页，点击注册", "status": "passed", "start": 1623158155695, "stop": 1623158158220}, {"name": "输入用户名，点击注册", "status": "passed", "start": 1623158158220, "stop": 1623158158386}, {"name": "注册断言", "status": "broken", "statusDetails": {"message": "selenium.common.exceptions.TimeoutException: Message: \n\n", "trace": "  File \"E:\\My_code\\AutoTest\\WebTestCases\\test_register.py\", line 64, in testcase1\n    raise e\n  File \"E:\\My_code\\AutoTest\\WebTestCases\\test_register.py\", line 53, in testcase1\n    text = 登录成功_page.my_get_text(登录成功_page.欢迎)\n  File \"E:\\My_code\\AutoTest\\libs\\common\\browser_init.py\", line 209, in my_get_text\n    ele = self.wait_element_visible(loc)\n  File \"E:\\My_code\\AutoTest\\libs\\common\\browser_init.py\", line 91, in wait_element_visible\n    raise e\n  File \"E:\\My_code\\AutoTest\\libs\\common\\browser_init.py\", line 86, in wait_element_visible\n    ele = WebDriverWait(self.driver, t).until(EC.visibility_of_element_located(loc))\n  File \"C:\\python\\lib\\site-packages\\selenium\\webdriver\\support\\wait.py\", line 80, in until\n    raise TimeoutException(message, screen, stacktrace)\n"}, "attachments": [{"name": "2021-06-08-21-16-09", "source": "00de82cb-4f63-4fb5-8faa-03d58149537c-attachment.png", "type": "image/png"}], "start": 1623158158386, "stop": 1623158170716}], "attachments": [{"name": "log", "source": "327205f6-e9e2-489f-a3ab-4a1fefbc10c3-attachment.txt", "type": "text/plain"}], "parameters": [{"name": "user", "value": "'mik_74'"}, {"name": "password", "value": "'123456'"}], "start": 1623158155695, "stop": 1623158170717, "uuid": "51eaace3-fc02-465c-81bb-8e3d031d96f2", "historyId": "0bf9090715f2f87d907d0b8341d3ebd6", "testCaseId": "b5c335136f66b23af1f1dbab05e9cc41", "fullName": "WebTestCases.test_register.TestZc#testcase1", "labels": [{"name": "feature", "value": "用户注册模块"}, {"name": "severity", "value": "normal"}, {"name": "epic", "value": "WebUI测试"}, {"name": "parentSuite", "value": "WebTestCases"}, {"name": "suite", "value": "test_register"}, {"name": "subSuite", "value": "TestZc"}, {"name": "host", "value": "DESKTOP-2TMV0U4"}, {"name": "thread", "value": "3096-MainThread"}, {"name": "framework", "value": "pytest"}, {"name": "language", "value": "cpython3"}, {"name": "package", "value": "WebTestCases.test_register"}]}