{"name": "用户注册", "status": "broken", "statusDetails": {"message": "selenium.common.exceptions.TimeoutException: Message:", "trace": "self = <WebUiTestCases.test_register.TestZc object at 0x086B2AB0>\nbrowser = <selenium.webdriver.chrome.webdriver.WebDriver (session=\"a1e0f3c4a5cbd6f84e3d15622b740634\")>\nuser = 'mik_74', password = '123456'\n\n    @allure.title('用户注册')\n    @pytest.mark.parametrize('user,password', userinfo)\n    def testcase1(self, browser, user, password):\n        with allure.step('打开主页，点击注册'):\n            主页_page = XO商城主页.HomePage(browser,'XO商城主页')\n            主页_page.get_url(base_url)\n            主页_page.my_click(主页_page.注册)\n        with allure.step('输入用户名，点击注册'):\n            注册_page = XO商城注册.ZC(browser,'XO商城注册')\n            注册_page.my_import_text(注册_page.用户名, user)\n            注册_page.my_import_text(注册_page.设置登录密码, password)\n            注册_page.my_click(注册_page.注册按钮)\n            # sleep(0.5)\n            # msg1 = 注册_page.switch_alert()\n            # print(msg1)\n            # logger.info(msg1)\n    \n        with allure.step('注册断言'):\n            登录成功_page = XO商城登录成功页面.DLCG(browser,'登录成功')\n    \n    \n            try:\n                text = 登录成功_page.my_get_text(登录成功_page.欢迎)\n    \n            # text='12121'\n            # assert '欢迎来到' in text\n                if '欢迎来到' in text:\n                    logger.info('注册成功')\n                    登录成功_page.my_click(登录成功_page.退出登录)\n    \n                else:\n                    raise AssertionError('注册失败')\n            except Exception as e:\n>               raise e\n\nWebUiTestCases\\test_register.py:62: \n_ _ _ _ _ _ _ _ _ _ _ _ _ _ _ _ _ _ _ _ _ _ _ _ _ _ _ _ _ _ _ _ _ _ _ _ _ _ _ _\nWebUiTestCases\\test_register.py:51: in testcase1\n    text = 登录成功_page.my_get_text(登录成功_page.欢迎)\nlibs\\common\\browser_init.py:213: in my_get_text\n    ele = self.wait_element_visible(loc)\nlibs\\common\\browser_init.py:94: in wait_element_visible\n    raise e\nlibs\\common\\browser_init.py:88: in wait_element_visible\n    ele = WebDriverWait(self.driver, t).until(EC.visibility_of_element_located(loc))\n_ _ _ _ _ _ _ _ _ _ _ _ _ _ _ _ _ _ _ _ _ _ _ _ _ _ _ _ _ _ _ _ _ _ _ _ _ _ _ _\n\nself = <selenium.webdriver.support.wait.WebDriverWait (session=\"a1e0f3c4a5cbd6f84e3d15622b740634\")>\nmethod = <selenium.webdriver.support.expected_conditions.visibility_of_element_located object at 0x08BA4EF0>\nmessage = ''\n\n    def until(self, method, message=''):\n        \"\"\"Calls the method provided with the driver as an argument until the \\\n        return value is not False.\"\"\"\n        screen = None\n        stacktrace = None\n    \n        end_time = time.time() + self._timeout\n        while True:\n            try:\n                value = method(self._driver)\n                if value:\n                    return value\n            except self._ignored_exceptions as exc:\n                screen = getattr(exc, 'screen', None)\n                stacktrace = getattr(exc, 'stacktrace', None)\n            time.sleep(self._poll)\n            if time.time() > end_time:\n                break\n>       raise TimeoutException(message, screen, stacktrace)\nE       selenium.common.exceptions.TimeoutException: Message:\n\nC:\\python\\lib\\site-packages\\selenium\\webdriver\\support\\wait.py:80: TimeoutException"}, "steps": [{"name": "打开主页，点击注册", "status": "passed", "start": 1622686173947, "stop": 1622686175624}, {"name": "输入用户名，点击注册", "status": "passed", "start": 1622686175624, "stop": 1622686175912}, {"name": "注册断言", "status": "broken", "statusDetails": {"message": "selenium.common.exceptions.TimeoutException: Message: \n\n", "trace": "  File \"E:\\My_code\\AutoTest\\WebUiTestCases\\test_register.py\", line 62, in testcase1\n    raise e\n  File \"E:\\My_code\\AutoTest\\WebUiTestCases\\test_register.py\", line 51, in testcase1\n    text = 登录成功_page.my_get_text(登录成功_page.欢迎)\n  File \"E:\\My_code\\AutoTest\\libs\\common\\browser_init.py\", line 213, in my_get_text\n    ele = self.wait_element_visible(loc)\n  File \"E:\\My_code\\AutoTest\\libs\\common\\browser_init.py\", line 94, in wait_element_visible\n    raise e\n  File \"E:\\My_code\\AutoTest\\libs\\common\\browser_init.py\", line 88, in wait_element_visible\n    ele = WebDriverWait(self.driver, t).until(EC.visibility_of_element_located(loc))\n  File \"C:\\python\\lib\\site-packages\\selenium\\webdriver\\support\\wait.py\", line 80, in until\n    raise TimeoutException(message, screen, stacktrace)\n"}, "attachments": [{"name": "登录成功", "source": "ed337bf4-01a6-4153-8844-0563ead3511f-attachment.png", "type": "image/png"}], "start": 1622686175912, "stop": 1622686186982}], "attachments": [{"name": "log", "source": "f4299ef7-11e7-4b88-807c-3be48ca93762-attachment.txt", "type": "text/plain"}], "parameters": [{"name": "user", "value": "'mik_74'"}, {"name": "password", "value": "'123456'"}], "start": 1622686173947, "stop": 1622686186982, "uuid": "bc57cff2-800b-4c33-8fa4-251a361ea614", "historyId": "db25b39f7786ace479f75148f989cc03", "testCaseId": "f96275167cf28012512fe17fe8bafbaa", "fullName": "WebUiTestCases.test_register.TestZc#testcase1", "labels": [{"name": "epic", "value": "web用户端UI测试"}, {"name": "severity", "value": "blocker"}, {"name": "feature", "value": "用户注册模块"}, {"name": "parentSuite", "value": "WebUiTestCases"}, {"name": "suite", "value": "test_register"}, {"name": "subSuite", "value": "TestZc"}, {"name": "host", "value": "DESKTOP-2TMV0U4"}, {"name": "thread", "value": "4268-MainThread"}, {"name": "framework", "value": "pytest"}, {"name": "language", "value": "cpython3"}, {"name": "package", "value": "WebUiTestCases.test_register"}]}