{"name": "用户注册", "status": "broken", "statusDetails": {"message": "selenium.common.exceptions.TimeoutException: Message:", "trace": "self = <WebUiTestCases.test_register.TestZc object at 0x08662E90>\nbrowser = <selenium.webdriver.chrome.webdriver.WebDriver (session=\"52b79450d4a0157d230e3a2742ad0930\")>\nuser = 'mik_74', password = '123456'\n\n    @allure.title('用户注册')\n    @pytest.mark.parametrize('user,password', userinfo)\n    def testcase1(self, browser, user, password):\n        with allure.step('打开主页，点击注册'):\n            主页_page = XO商城主页.HomePage(browser)\n            主页_page.get_url(base_url)\n            主页_page.my_click(主页_page.注册)\n        with allure.step('输入用户名，点击注册'):\n            注册_page = XO商城注册.ZC(browser)\n            注册_page.my_import_text(注册_page.用户名, user)\n            注册_page.my_import_text(注册_page.设置登录密码, password)\n            注册_page.my_click(注册_page.注册按钮)\n        with allure.step('注册断言'):\n            登录成功_page = XO商城登录成功页面.DLCG(browser)\n            try:\n                text = 登录成功_page.my_get_text(登录成功_page.欢迎)\n            # text='12121'\n            # assert '欢迎来到' in text\n                if '欢迎来到' in text:\n                    logger.info('注册成功')\n                    登录成功_page.my_click(登录成功_page.退出登录)\n    \n                else:\n                    raise AssertionError('注册失败')\n            except Exception as e:\n>               raise e\n\nWebUiTestCases\\test_register.py:54: \n_ _ _ _ _ _ _ _ _ _ _ _ _ _ _ _ _ _ _ _ _ _ _ _ _ _ _ _ _ _ _ _ _ _ _ _ _ _ _ _\nWebUiTestCases\\test_register.py:44: in testcase1\n    text = 登录成功_page.my_get_text(登录成功_page.欢迎)\nlibs\\common\\browser_init.py:184: in my_get_text\n    text=self.wait_element_visible(loc).text\nlibs\\common\\browser_init.py:89: in wait_element_visible\n    raise e\nlibs\\common\\browser_init.py:85: in wait_element_visible\n    ele = WebDriverWait(self.driver, t).until(EC.visibility_of_element_located(loc))\n_ _ _ _ _ _ _ _ _ _ _ _ _ _ _ _ _ _ _ _ _ _ _ _ _ _ _ _ _ _ _ _ _ _ _ _ _ _ _ _\n\nself = <selenium.webdriver.support.wait.WebDriverWait (session=\"52b79450d4a0157d230e3a2742ad0930\")>\nmethod = <selenium.webdriver.support.expected_conditions.visibility_of_element_located object at 0x08B46310>\nmessage = ''\n\n    def until(self, method, message=''):\n        \"\"\"Calls the method provided with the driver as an argument until the \\\n        return value is not False.\"\"\"\n        screen = None\n        stacktrace = None\n    \n        end_time = time.time() + self._timeout\n        while True:\n            try:\n                value = method(self._driver)\n                if value:\n                    return value\n            except self._ignored_exceptions as exc:\n                screen = getattr(exc, 'screen', None)\n                stacktrace = getattr(exc, 'stacktrace', None)\n            time.sleep(self._poll)\n            if time.time() > end_time:\n                break\n>       raise TimeoutException(message, screen, stacktrace)\nE       selenium.common.exceptions.TimeoutException: Message:\n\nC:\\python\\lib\\site-packages\\selenium\\webdriver\\support\\wait.py:80: TimeoutException"}, "steps": [{"name": "打开主页，点击注册", "status": "passed", "start": 1622634244263, "stop": 1622634245953}, {"name": "输入用户名，点击注册", "status": "passed", "start": 1622634245953, "stop": 1622634246254}, {"name": "注册断言", "status": "broken", "statusDetails": {"message": "selenium.common.exceptions.TimeoutException: Message: \n\n", "trace": "  File \"E:\\My_code\\AutoTest\\WebUiTestCases\\test_register.py\", line 54, in testcase1\n    raise e\n  File \"E:\\My_code\\AutoTest\\WebUiTestCases\\test_register.py\", line 44, in testcase1\n    text = 登录成功_page.my_get_text(登录成功_page.欢迎)\n  File \"E:\\My_code\\AutoTest\\libs\\common\\browser_init.py\", line 184, in my_get_text\n    text=self.wait_element_visible(loc).text\n  File \"E:\\My_code\\AutoTest\\libs\\common\\browser_init.py\", line 89, in wait_element_visible\n    raise e\n  File \"E:\\My_code\\AutoTest\\libs\\common\\browser_init.py\", line 85, in wait_element_visible\n    ele = WebDriverWait(self.driver, t).until(EC.visibility_of_element_located(loc))\n  File \"C:\\python\\lib\\site-packages\\selenium\\webdriver\\support\\wait.py\", line 80, in until\n    raise TimeoutException(message, screen, stacktrace)\n"}, "start": 1622634246254, "stop": 1622634256803}], "attachments": [{"name": "log", "source": "b9967672-7208-4067-bdad-4d52ccb9974b-attachment.txt", "type": "text/plain"}], "parameters": [{"name": "user", "value": "'mik_74'"}, {"name": "password", "value": "'123456'"}], "start": 1622634244263, "stop": 1622634256803, "uuid": "6bfed935-083f-45ad-8c21-021edb19bad4", "historyId": "db25b39f7786ace479f75148f989cc03", "testCaseId": "f96275167cf28012512fe17fe8bafbaa", "fullName": "WebUiTestCases.test_register.TestZc#testcase1", "labels": [{"name": "feature", "value": "用户注册模块"}, {"name": "severity", "value": "blocker"}, {"name": "epic", "value": "web用户端UI测试"}, {"name": "parentSuite", "value": "WebUiTestCases"}, {"name": "suite", "value": "test_register"}, {"name": "subSuite", "value": "TestZc"}, {"name": "host", "value": "DESKTOP-2TMV0U4"}, {"name": "thread", "value": "7736-MainThread"}, {"name": "framework", "value": "pytest"}, {"name": "language", "value": "cpython3"}, {"name": "package", "value": "WebUiTestCases.test_register"}]}